[18-Jun-2016 23:22:07 UTC] PHP Warning:  require_once(Classes/connection.class.php): failed to open stream: No such file or directory in /home/ubuntu/workspace/DB/Modules/send.php on line 2
[18-Jun-2016 23:22:07 UTC] PHP Stack trace:
[18-Jun-2016 23:22:07 UTC] PHP   1. {main}() /home/ubuntu/workspace/DB/Modules/send.php:0
[18-Jun-2016 23:22:07 UTC] PHP Fatal error:  require_once(): Failed opening required 'Classes/connection.class.php' (include_path='.:/usr/share/php:/usr/share/pear') in /home/ubuntu/workspace/DB/Modules/send.php on line 2
[18-Jun-2016 23:22:07 UTC] PHP Stack trace:
[18-Jun-2016 23:22:07 UTC] PHP   1. {main}() /home/ubuntu/workspace/DB/Modules/send.php:0
[18-Jun-2016 23:22:51 UTC] PHP Warning:  require_once(Classes/connection.class.php): failed to open stream: No such file or directory in /home/ubuntu/workspace/DB/Modules/send.php on line 2
[18-Jun-2016 23:22:51 UTC] PHP Stack trace:
[18-Jun-2016 23:22:51 UTC] PHP   1. {main}() /home/ubuntu/workspace/DB/Modules/send.php:0
[18-Jun-2016 23:22:51 UTC] PHP Fatal error:  require_once(): Failed opening required 'Classes/connection.class.php' (include_path='.:/usr/share/php:/usr/share/pear') in /home/ubuntu/workspace/DB/Modules/send.php on line 2
[18-Jun-2016 23:22:51 UTC] PHP Stack trace:
[18-Jun-2016 23:22:51 UTC] PHP   1. {main}() /home/ubuntu/workspace/DB/Modules/send.php:0
[18-Jun-2016 23:23:11 UTC] PHP Warning:  require_once(Classes/connection.class.php): failed to open stream: No such file or directory in /home/ubuntu/workspace/DB/Modules/send.php on line 2
[18-Jun-2016 23:23:11 UTC] PHP Stack trace:
[18-Jun-2016 23:23:11 UTC] PHP   1. {main}() /home/ubuntu/workspace/DB/Modules/send.php:0
[18-Jun-2016 23:23:11 UTC] PHP Fatal error:  require_once(): Failed opening required 'Classes/connection.class.php' (include_path='.:/usr/share/php:/usr/share/pear') in /home/ubuntu/workspace/DB/Modules/send.php on line 2
[18-Jun-2016 23:23:11 UTC] PHP Stack trace:
[18-Jun-2016 23:23:11 UTC] PHP   1. {main}() /home/ubuntu/workspace/DB/Modules/send.php:0
[18-Jun-2016 23:23:51 UTC] PHP Warning:  Creating default object from empty value in /home/ubuntu/workspace/DB/Classes/connection.class.php on line 20
[18-Jun-2016 23:23:51 UTC] PHP Stack trace:
[18-Jun-2016 23:23:51 UTC] PHP   1. {main}() /home/ubuntu/workspace/DB/Modules/send.php:0
[18-Jun-2016 23:23:51 UTC] PHP   2. options::send() /home/ubuntu/workspace/DB/Modules/send.php:4
[18-Jun-2016 23:23:51 UTC] PHP   3. Connection::connect() /home/ubuntu/workspace/DB/Classes/option.class.php:66
[18-Jun-2016 23:24:13 UTC] PHP Warning:  Creating default object from empty value in /home/ubuntu/workspace/DB/Classes/connection.class.php on line 20
[18-Jun-2016 23:24:13 UTC] PHP Stack trace:
[18-Jun-2016 23:24:13 UTC] PHP   1. {main}() /home/ubuntu/workspace/DB/Modules/send.php:0
[18-Jun-2016 23:24:13 UTC] PHP   2. options::send() /home/ubuntu/workspace/DB/Modules/send.php:4
[18-Jun-2016 23:24:13 UTC] PHP   3. Connection::connect() /home/ubuntu/workspace/DB/Classes/option.class.php:66
[18-Jun-2016 23:25:08 UTC] PHP Warning:  Creating default object from empty value in /home/ubuntu/workspace/DB/Classes/connection.class.php on line 20
[18-Jun-2016 23:25:08 UTC] PHP Stack trace:
[18-Jun-2016 23:25:08 UTC] PHP   1. {main}() /home/ubuntu/workspace/DB/Modules/send.php:0
[18-Jun-2016 23:25:08 UTC] PHP   2. options::send() /home/ubuntu/workspace/DB/Modules/send.php:4
[18-Jun-2016 23:25:08 UTC] PHP   3. Connection::connect() /home/ubuntu/workspace/DB/Classes/option.class.php:66
[18-Jun-2016 23:25:17 UTC] PHP Warning:  Creating default object from empty value in /home/ubuntu/workspace/DB/Classes/connection.class.php on line 20
[18-Jun-2016 23:25:17 UTC] PHP Stack trace:
[18-Jun-2016 23:25:17 UTC] PHP   1. {main}() /home/ubuntu/workspace/DB/Modules/update.php:0
[18-Jun-2016 23:25:17 UTC] PHP   2. options::update() /home/ubuntu/workspace/DB/Modules/update.php:4
[18-Jun-2016 23:25:17 UTC] PHP   3. Connection::connect() /home/ubuntu/workspace/DB/Classes/option.class.php:90
[18-Jun-2016 23:25:38 UTC] PHP Warning:  Creating default object from empty value in /home/ubuntu/workspace/DB/Classes/connection.class.php on line 20
[18-Jun-2016 23:25:38 UTC] PHP Stack trace:
[18-Jun-2016 23:25:38 UTC] PHP   1. {main}() /home/ubuntu/workspace/DB/Modules/update.php:0
[18-Jun-2016 23:25:38 UTC] PHP   2. options::update() /home/ubuntu/workspace/DB/Modules/update.php:4
[18-Jun-2016 23:25:38 UTC] PHP   3. Connection::connect() /home/ubuntu/workspace/DB/Classes/option.class.php:90
[18-Jun-2016 23:26:38 UTC] PHP Warning:  Creating default object from empty value in /home/ubuntu/workspace/DB/Classes/connection.class.php on line 20
[18-Jun-2016 23:26:38 UTC] PHP Stack trace:
[18-Jun-2016 23:26:38 UTC] PHP   1. {main}() /home/ubuntu/workspace/DB/Modules/update.php:0
[18-Jun-2016 23:26:38 UTC] PHP   2. options::update() /home/ubuntu/workspace/DB/Modules/update.php:4
[18-Jun-2016 23:26:38 UTC] PHP   3. Connection::connect() /home/ubuntu/workspace/DB/Classes/option.class.php:90
[18-Jun-2016 23:26:40 UTC] PHP Warning:  Creating default object from empty value in /home/ubuntu/workspace/DB/Classes/connection.class.php on line 20
[18-Jun-2016 23:26:40 UTC] PHP Stack trace:
[18-Jun-2016 23:26:40 UTC] PHP   1. {main}() /home/ubuntu/workspace/DB/Modules/delete.php:0
[18-Jun-2016 23:26:40 UTC] PHP   2. options::delete() /home/ubuntu/workspace/DB/Modules/delete.php:4
[18-Jun-2016 23:26:40 UTC] PHP   3. Connection::connect() /home/ubuntu/workspace/DB/Classes/option.class.php:50
[18-Jun-2016 23:26:42 UTC] PHP Warning:  Creating default object from empty value in /home/ubuntu/workspace/DB/Classes/connection.class.php on line 20
[18-Jun-2016 23:26:42 UTC] PHP Stack trace:
[18-Jun-2016 23:26:42 UTC] PHP   1. {main}() /home/ubuntu/workspace/DB/Modules/delete.php:0
[18-Jun-2016 23:26:42 UTC] PHP   2. options::delete() /home/ubuntu/workspace/DB/Modules/delete.php:4
[18-Jun-2016 23:26:42 UTC] PHP   3. Connection::connect() /home/ubuntu/workspace/DB/Classes/option.class.php:50
[19-Jun-2016 10:07:21 UTC] PHP Warning:  Creating default object from empty value in /home/ubuntu/workspace/DB/Classes/connection.class.php on line 20
[19-Jun-2016 10:07:21 UTC] PHP Stack trace:
[19-Jun-2016 10:07:21 UTC] PHP   1. {main}() /home/ubuntu/workspace/DB/Modules/update.php:0
[19-Jun-2016 10:07:21 UTC] PHP   2. options::update() /home/ubuntu/workspace/DB/Modules/update.php:4
[19-Jun-2016 10:07:21 UTC] PHP   3. Connection::connect() /home/ubuntu/workspace/DB/Classes/option.class.php:110
[19-Jun-2016 10:08:16 UTC] PHP Warning:  Creating default object from empty value in /home/ubuntu/workspace/DB/Classes/connection.class.php on line 20
[19-Jun-2016 10:08:16 UTC] PHP Stack trace:
[19-Jun-2016 10:08:16 UTC] PHP   1. {main}() /home/ubuntu/workspace/DB/Modules/update.php:0
[19-Jun-2016 10:08:16 UTC] PHP   2. options::update() /home/ubuntu/workspace/DB/Modules/update.php:4
[19-Jun-2016 10:08:16 UTC] PHP   3. Connection::connect() /home/ubuntu/workspace/DB/Classes/option.class.php:111
[19-Jun-2016 10:08:44 UTC] PHP Warning:  Creating default object from empty value in /home/ubuntu/workspace/DB/Classes/connection.class.php on line 20
[19-Jun-2016 10:08:44 UTC] PHP Stack trace:
[19-Jun-2016 10:08:44 UTC] PHP   1. {main}() /home/ubuntu/workspace/DB/Modules/update.php:0
[19-Jun-2016 10:08:44 UTC] PHP   2. options::update() /home/ubuntu/workspace/DB/Modules/update.php:4
[19-Jun-2016 10:08:44 UTC] PHP   3. Connection::connect() /home/ubuntu/workspace/DB/Classes/option.class.php:111
